
 Performance counter stats for './mandelbrot_omp 0.175 0.375 -0.1 0.1 16 4' (13 runs):

          1.826972      task-clock (msec)         #    1.770 CPUs utilized            ( +- 19.31% )
                 0      context-switches          #    0.211 K/sec                    ( +- 80.83% )
                 0      cpu-migrations            #    0.126 K/sec                    ( +- 52.70% )
                86      page-faults               #    0.047 M/sec                    ( +-  0.42% )
         6,160,575      cycles                    #    3.372 GHz                      ( +- 19.40% )
         2,699,744      instructions              #    0.44  insn per cycle           ( +-  2.10% )
           452,992      branches                  #  247.947 M/sec                    ( +-  3.52% )
            12,771      branch-misses             #    2.82% of all branches          ( +-  1.62% )

       0.001032323 seconds time elapsed                                          ( +- 11.88% )


 Performance counter stats for './mandelbrot_omp 0.175 0.375 -0.1 0.1 32 4' (13 runs):

          3.427048      task-clock (msec)         #    2.062 CPUs utilized            ( +- 15.32% )
                 1      context-switches          #    0.180 K/sec                    ( +- 59.73% )
                 0      cpu-migrations            #    0.022 K/sec                    ( +-100.00% )
                94      page-faults               #    0.027 M/sec                    ( +-  0.42% )
        11,572,799      cycles                    #    3.377 GHz                      ( +- 15.35% )
         6,347,046      instructions              #    0.55  insn per cycle           ( +-  1.93% )
           913,295      branches                  #  266.496 M/sec                    ( +-  3.10% )
            14,554      branch-misses             #    1.59% of all branches          ( +-  3.85% )

       0.001662108 seconds time elapsed                                          ( +- 14.69% )


 Performance counter stats for './mandelbrot_omp 0.175 0.375 -0.1 0.1 64 4' (13 runs):

          7.610619      task-clock (msec)         #    2.893 CPUs utilized            ( +-  3.25% )
                 2      context-switches          #    0.212 K/sec                    ( +- 24.82% )
                 0      cpu-migrations            #    0.040 K/sec                    ( +- 56.83% )
               123      page-faults               #    0.016 M/sec                    ( +-  0.30% )
        25,745,586      cycles                    #    3.383 GHz                      ( +-  3.27% )
        20,170,947      instructions              #    0.78  insn per cycle           ( +-  0.17% )
         2,604,348      branches                  #  342.199 M/sec                    ( +-  0.36% )
            17,400      branch-misses             #    0.67% of all branches          ( +-  1.02% )

       0.002630641 seconds time elapsed                                          ( +-  3.33% )


 Performance counter stats for './mandelbrot_omp 0.175 0.375 -0.1 0.1 128 4' (13 runs):

         25.067070      task-clock (msec)         #    3.378 CPUs utilized            ( +-  2.26% )
                 3      context-switches          #    0.110 K/sec                    ( +- 28.08% )
                 0      cpu-migrations            #    0.006 K/sec                    ( +- 67.70% )
               243      page-faults               #    0.010 M/sec                    ( +-  0.19% )
        84,788,201      cycles                    #    3.382 GHz                      ( +-  2.17% )
        76,101,018      instructions              #    0.90  insn per cycle           ( +-  0.24% )
         9,493,173      branches                  #  378.711 M/sec                    ( +-  0.38% )
            31,363      branch-misses             #    0.33% of all branches          ( +-  2.45% )

       0.007420268 seconds time elapsed                                          ( +-  2.31% )


 Performance counter stats for './mandelbrot_omp 0.175 0.375 -0.1 0.1 256 4' (13 runs):

        106.410644      task-clock (msec)         #    3.618 CPUs utilized            ( +-  1.76% )
                20      context-switches          #    0.186 K/sec                    ( +- 14.48% )
                 0      cpu-migrations            #    0.003 K/sec                    ( +- 43.30% )
               724      page-faults               #    0.007 M/sec                    ( +-  0.07% )
       359,605,459      cycles                    #    3.379 GHz                      ( +-  1.73% )
       299,907,559      instructions              #    0.83  insn per cycle           ( +-  0.08% )
        37,177,156      branches                  #  349.374 M/sec                    ( +-  0.18% )
            81,521      branch-misses             #    0.22% of all branches          ( +-  0.99% )

       0.029411278 seconds time elapsed                                          ( +-  1.69% )


 Performance counter stats for './mandelbrot_omp 0.175 0.375 -0.1 0.1 512 4' (13 runs):

        364.386027      task-clock (msec)         #    3.422 CPUs utilized            ( +-  1.51% )
                49      context-switches          #    0.134 K/sec                    ( +- 17.85% )
                 1      cpu-migrations            #    0.003 K/sec                    ( +- 29.96% )
             2,644      page-faults               #    0.007 M/sec                    ( +-  0.02% )
     1,229,831,337      cycles                    #    3.375 GHz                      ( +-  1.39% )
     1,188,156,607      instructions              #    0.97  insn per cycle           ( +-  0.04% )
       145,967,511      branches                  #  400.585 M/sec                    ( +-  0.08% )
           282,015      branch-misses             #    0.19% of all branches          ( +-  1.84% )

       0.106480397 seconds time elapsed                                          ( +-  2.05% )


 Performance counter stats for './mandelbrot_omp 0.175 0.375 -0.1 0.1 1024 4' (13 runs):

       1304.287463      task-clock (msec)         #    3.162 CPUs utilized            ( +-  0.30% )
               226      context-switches          #    0.174 K/sec                    ( +- 14.35% )
                 0      cpu-migrations            #    0.000 K/sec                    ( +- 46.90% )
            10,325      page-faults               #    0.008 M/sec                    ( +-  0.01% )
     4,367,512,011      cycles                    #    3.349 GHz                      ( +-  0.25% )
     4,722,686,036      instructions              #    1.08  insn per cycle           ( +-  0.02% )
       576,144,820      branches                  #  441.731 M/sec                    ( +-  0.04% )
         1,041,988      branch-misses             #    0.18% of all branches          ( +-  1.04% )

       0.412537686 seconds time elapsed                                          ( +-  0.54% )


 Performance counter stats for './mandelbrot_omp 0.175 0.375 -0.1 0.1 2048 4' (13 runs):

       5016.228688      task-clock (msec)         #    3.093 CPUs utilized            ( +-  0.42% )
               572      context-switches          #    0.114 K/sec                    ( +- 22.28% )
                 1      cpu-migrations            #    0.000 K/sec                    ( +- 22.45% )
            41,044      page-faults               #    0.008 M/sec                    ( +-  0.00% )
    16,627,533,348      cycles                    #    3.315 GHz                      ( +-  0.30% )
    18,840,527,769      instructions              #    1.13  insn per cycle           ( +-  0.02% )
     2,291,999,740      branches                  #  456.917 M/sec                    ( +-  0.03% )
         3,949,620      branch-misses             #    0.17% of all branches          ( +-  1.06% )

       1.621729547 seconds time elapsed                                          ( +-  0.62% )


 Performance counter stats for './mandelbrot_omp 0.175 0.375 -0.1 0.1 4096 4' (13 runs):

      19955.380094      task-clock (msec)         #    3.028 CPUs utilized            ( +-  0.35% )
             1,972      context-switches          #    0.099 K/sec                    ( +- 20.71% )
                 3      cpu-migrations            #    0.000 K/sec                    ( +- 18.18% )
           163,924      page-faults               #    0.008 M/sec                    ( +-  0.00% )
    65,841,878,229      cycles                    #    3.299 GHz                      ( +-  0.25% )
    75,320,800,778      instructions              #    1.14  insn per cycle           ( +-  0.02% )
     9,157,307,471      branches                  #  458.889 M/sec                    ( +-  0.03% )
        15,380,028      branch-misses             #    0.17% of all branches          ( +-  0.81% )

       6.590844870 seconds time elapsed                                          ( +-  0.77% )


 Performance counter stats for './mandelbrot_omp 0.175 0.375 -0.1 0.1 8192 4' (13 runs):

      74307.028126      task-clock (msec)         #    3.046 CPUs utilized            ( +-  0.73% )
               602      context-switches          #    0.008 K/sec                    ( +- 37.81% )
                 3      cpu-migrations            #    0.000 K/sec                    ( +- 18.60% )
           655,444      page-faults               #    0.009 M/sec                    ( +-  0.00% )
   253,071,981,141      cycles                    #    3.406 GHz                      ( +-  0.32% )
   301,073,592,272      instructions              #    1.19  insn per cycle           ( +-  0.00% )
    36,586,007,382      branches                  #  492.363 M/sec                    ( +-  0.00% )
        58,811,553      branch-misses             #    0.16% of all branches          ( +-  0.28% )

      24.395313935 seconds time elapsed                                          ( +-  0.81% )

