 Performance counter stats for './mandelbrot_omp -2.5 1.5 -2.0 2.0 16 32' (13 runs):

          2.636406      task-clock (msec)         #    0.847 CPUs utilized            ( +-  1.91% )
               117      context-switches          #    0.044 M/sec                    ( +-  0.90% )
                22      cpu-migrations            #    0.008 M/sec                    ( +-  8.81% )
               147      page-faults               #    0.056 M/sec                    ( +-  0.29% )
         8,260,140      cycles                    #    3.133 GHz                      ( +-  1.56% )
         3,977,607      instructions              #    0.48  insn per cycle           ( +-  0.29% )
           761,446      branches                  #  288.820 M/sec                    ( +-  0.29% )
            24,830      branch-misses             #    3.26% of all branches          ( +-  1.61% )

       0.003112679 seconds time elapsed                                          ( +- 15.81% )

 Performance counter stats for './mandelbrot_omp -2.5 1.5 -2.0 2.0 32 32' (13 runs):

          2.743289      task-clock (msec)         #    1.355 CPUs utilized            ( +-  1.05% )
               117      context-switches          #    0.043 M/sec                    ( +-  0.85% )
                21      cpu-migrations            #    0.008 M/sec                    ( +-  6.37% )
               153      page-faults               #    0.056 M/sec                    ( +-  0.33% )
         8,697,766      cycles                    #    3.171 GHz                      ( +-  1.06% )
         4,843,074      instructions              #    0.56  insn per cycle           ( +-  0.20% )
           879,835      branches                  #  320.723 M/sec                    ( +-  0.21% )
            24,664      branch-misses             #    2.80% of all branches          ( +-  0.96% )

       0.002025093 seconds time elapsed                                          ( +-  4.63% )

 Performance counter stats for './mandelbrot_omp -2.5 1.5 -2.0 2.0 64 32' (13 runs):

          9.439542      task-clock (msec)         #    1.000 CPUs utilized            ( +- 62.89% )
               119      context-switches          #    0.013 M/sec                    ( +-  0.70% )
                22      cpu-migrations            #    0.002 M/sec                    ( +-  4.81% )
               182      page-faults               #    0.019 M/sec                    ( +-  0.31% )
        29,988,715      cycles                    #    3.177 GHz                      ( +- 63.46% )
        37,653,898      instructions              #    1.26  insn per cycle           ( +- 77.91% )
         6,569,949      branches                  #  696.003 M/sec                    ( +- 79.25% )
            91,792      branch-misses             #    1.40% of all branches          ( +- 72.17% )

       0.009440950 seconds time elapsed                                          ( +- 77.80% )


 Performance counter stats for './mandelbrot_omp -2.5 1.5 -2.0 2.0 128 32' (13 runs):

          6.425384      task-clock (msec)         #    1.905 CPUs utilized            ( +-  1.18% )
               119      context-switches          #    0.019 M/sec                    ( +-  0.52% )
                21      cpu-migrations            #    0.003 M/sec                    ( +-  6.10% )
               303      page-faults               #    0.047 M/sec                    ( +-  0.21% )
        20,861,901      cycles                    #    3.247 GHz                      ( +-  0.86% )
        22,102,743      instructions              #    1.06  insn per cycle           ( +-  0.08% )
         3,285,504      branches                  #  511.332 M/sec                    ( +-  0.09% )
            31,061      branch-misses             #    0.95% of all branches          ( +-  1.16% )

       0.003372795 seconds time elapsed                                          ( +-  1.57% )


 Performance counter stats for './mandelbrot_omp -2.5 1.5 -2.0 2.0 256 32' (13 runs):

         19.420327      task-clock (msec)         #    2.180 CPUs utilized            ( +-  1.62% )
               119      context-switches          #    0.006 M/sec                    ( +-  0.55% )
                32      cpu-migrations            #    0.002 M/sec                    ( +-  4.58% )
               783      page-faults               #    0.040 M/sec                    ( +-  0.05% )
        64,916,079      cycles                    #    3.343 GHz                      ( +-  1.48% )
        77,277,883      instructions              #    1.19  insn per cycle           ( +-  0.02% )
        10,973,333      branches                  #  565.044 M/sec                    ( +-  0.03% )
            45,772      branch-misses             #    0.42% of all branches          ( +-  0.69% )

       0.008908581 seconds time elapsed                                          ( +-  5.76% )


 Performance counter stats for './mandelbrot_omp -2.5 1.5 -2.0 2.0 512 32' (13 runs):

         71.455799      task-clock (msec)         #    2.704 CPUs utilized            ( +-  0.53% )
               122      context-switches          #    0.002 M/sec                    ( +-  0.72% )
                38      cpu-migrations            #    0.531 K/sec                    ( +-  4.62% )
             2,704      page-faults               #    0.038 M/sec                    ( +-  0.02% )
       242,334,531      cycles                    #    3.391 GHz                      ( +-  0.52% )
       297,454,205      instructions              #    1.23  insn per cycle           ( +-  0.01% )
        41,645,036      branches                  #  582.808 M/sec                    ( +-  0.02% )
            91,511      branch-misses             #    0.22% of all branches          ( +-  0.76% )

       0.026427329 seconds time elapsed                                          ( +-  0.92% )


 Performance counter stats for './mandelbrot_omp -2.5 1.5 -2.0 2.0 1024 32' (13 runs):

        281.753965      task-clock (msec)         #    2.743 CPUs utilized            ( +-  0.77% )
               177      context-switches          #    0.630 K/sec                    ( +-  6.19% )
                41      cpu-migrations            #    0.146 K/sec                    ( +-  3.43% )
            10,383      page-faults               #    0.037 M/sec                    ( +-  0.00% )
       953,140,248      cycles                    #    3.383 GHz                      ( +-  0.31% )
     1,178,127,182      instructions              #    1.24  insn per cycle           ( +-  0.01% )
       164,339,922      branches                  #  583.275 M/sec                    ( +-  0.02% )
           258,732      branch-misses             #    0.16% of all branches          ( +-  0.75% )

       0.102734387 seconds time elapsed                                          ( +-  2.19% )


 Performance counter stats for './mandelbrot_omp -2.5 1.5 -2.0 2.0 2048 32' (13 runs):

       1114.102363      task-clock (msec)         #    2.779 CPUs utilized            ( +-  0.22% )
               310      context-switches          #    0.279 K/sec                    ( +-  9.26% )
                43      cpu-migrations            #    0.038 K/sec                    ( +-  5.21% )
            41,104      page-faults               #    0.037 M/sec                    ( +-  0.00% )
     3,807,530,348      cycles                    #    3.418 GHz                      ( +-  0.07% )
     4,698,849,573      instructions              #    1.23  insn per cycle           ( +-  0.01% )
       654,819,319      branches                  #  587.755 M/sec                    ( +-  0.01% )
           869,762      branch-misses             #    0.13% of all branches          ( +-  0.97% )

       0.400838594 seconds time elapsed                                          ( +-  6.08% )


 Performance counter stats for './mandelbrot_omp -2.5 1.5 -2.0 2.0 4096 32' (13 runs):

       4390.511718      task-clock (msec)         #    2.877 CPUs utilized            ( +-  0.22% )
               578      context-switches          #    0.132 K/sec                    ( +- 12.25% )
                56      cpu-migrations            #    0.013 K/sec                    ( +-  2.38% )
           163,984      page-faults               #    0.037 M/sec                    ( +-  0.00% )
    15,097,648,048      cycles                    #    3.439 GHz                      ( +-  0.17% )
    18,785,333,088      instructions              #    1.24  insn per cycle           ( +-  0.01% )
     2,616,830,172      branches                  #  596.019 M/sec                    ( +-  0.01% )
         3,180,570      branch-misses             #    0.12% of all branches          ( +-  0.59% )

       1.525996330 seconds time elapsed                                          ( +-  2.12% )


 Performance counter stats for './mandelbrot_omp -2.5 1.5 -2.0 2.0 8192 32' (13 runs):

      17514.082522      task-clock (msec)         #    2.878 CPUs utilized            ( +-  0.10% )
             1,615      context-switches          #    0.092 K/sec                    ( +-  4.19% )
                81      cpu-migrations            #    0.005 K/sec                    ( +-  3.04% )
           655,504      page-faults               #    0.037 M/sec                    ( +-  0.00% )
    60,288,138,711      cycles                    #    3.442 GHz                      ( +-  0.09% )
    75,133,113,999      instructions              #    1.25  insn per cycle           ( +-  0.01% )
    10,464,955,832      branches                  #  597.517 M/sec                    ( +-  0.01% )
        12,165,647      branch-misses             #    0.12% of all branches          ( +-  0.38% )

       6.084455634 seconds time elapsed                                          ( +-  0.76% )

