
 Performance counter stats for './mandelbrot_omp -0.8 -0.7 0.05 0.15 16 4' (13 runs):

          2.083073      task-clock (msec)         #    1.781 CPUs utilized            ( +- 28.98% )
                 0      context-switches          #    0.037 K/sec                    ( +-100.00% )
                 0      cpu-migrations            #    0.074 K/sec                    ( +- 67.70% )
                87      page-faults               #    0.042 M/sec                    ( +-  0.58% )
         7,017,038      cycles                    #    3.369 GHz                      ( +- 29.18% )
         2,749,759      instructions              #    0.39  insn per cycle           ( +-  3.55% )
           464,489      branches                  #  222.983 M/sec                    ( +-  5.89% )
            12,425      branch-misses             #    2.67% of all branches          ( +-  1.61% )

       0.001169345 seconds time elapsed                                          ( +- 20.11% )


 Performance counter stats for './mandelbrot_omp -0.8 -0.7 0.05 0.15 32 4' (13 runs):

          3.232134      task-clock (msec)         #    2.033 CPUs utilized            ( +- 11.12% )
                 0      context-switches          #    0.119 K/sec                    ( +- 55.38% )
                 0      cpu-migrations            #    0.000 K/sec                  
                93      page-faults               #    0.029 M/sec                    ( +-  0.62% )
        10,786,201      cycles                    #    3.337 GHz                      ( +- 10.96% )
         6,363,631      instructions              #    0.59  insn per cycle           ( +-  0.84% )
           900,751      branches                  #  278.686 M/sec                    ( +-  1.65% )
            14,121      branch-misses             #    1.57% of all branches          ( +-  0.97% )

       0.001589773 seconds time elapsed                                          ( +- 11.83% )


 Performance counter stats for './mandelbrot_omp -0.8 -0.7 0.05 0.15 64 4' (13 runs):

          7.877768      task-clock (msec)         #    2.852 CPUs utilized            ( +-  4.30% )
                 1      context-switches          #    0.127 K/sec                    ( +- 48.04% )
                 0      cpu-migrations            #    0.029 K/sec                    ( +- 52.70% )
               124      page-faults               #    0.016 M/sec                    ( +-  0.31% )
        26,633,392      cycles                    #    3.381 GHz                      ( +-  4.29% )
        21,039,929      instructions              #    0.79  insn per cycle           ( +-  0.26% )
         2,703,463      branches                  #  343.176 M/sec                    ( +-  0.56% )
            17,922      branch-misses             #    0.66% of all branches          ( +-  2.56% )

       0.002762003 seconds time elapsed                                          ( +-  5.29% )


 Performance counter stats for './mandelbrot_omp -0.8 -0.7 0.05 0.15 128 4' (13 runs):

         26.181728      task-clock (msec)         #    3.384 CPUs utilized            ( +-  2.31% )
                 6      context-switches          #    0.217 K/sec                    ( +- 22.45% )
                 0      cpu-migrations            #    0.009 K/sec                    ( +- 72.01% )
               244      page-faults               #    0.009 M/sec                    ( +-  0.18% )
        88,651,665      cycles                    #    3.386 GHz                      ( +-  2.29% )
        79,640,410      instructions              #    0.90  insn per cycle           ( +-  0.14% )
         9,899,105      branches                  #  378.092 M/sec                    ( +-  0.27% )
            32,227      branch-misses             #    0.33% of all branches          ( +-  1.66% )

       0.007737292 seconds time elapsed                                          ( +-  3.19% )


 Performance counter stats for './mandelbrot_omp -0.8 -0.7 0.05 0.15 256 4' (13 runs):

         99.999562      task-clock (msec)         #    3.624 CPUs utilized            ( +-  1.02% )
                11      context-switches          #    0.112 K/sec                    ( +- 18.43% )
                 0      cpu-migrations            #    0.001 K/sec                    ( +-100.00% )
               725      page-faults               #    0.007 M/sec                    ( +-  0.09% )
       338,890,474      cycles                    #    3.389 GHz                      ( +-  1.01% )
       314,025,046      instructions              #    0.93  insn per cycle           ( +-  0.05% )
        38,691,766      branches                  #  386.919 M/sec                    ( +-  0.10% )
            82,830      branch-misses             #    0.21% of all branches          ( +-  0.81% )

       0.027592992 seconds time elapsed                                          ( +-  1.08% )


 Performance counter stats for './mandelbrot_omp -0.8 -0.7 0.05 0.15 512 4' (13 runs):

        379.436893      task-clock (msec)         #    3.461 CPUs utilized            ( +-  0.72% )
                76      context-switches          #    0.201 K/sec                    ( +-  9.10% )
                 1      cpu-migrations            #    0.002 K/sec                    ( +- 39.20% )
             2,645      page-faults               #    0.007 M/sec                    ( +-  0.02% )
     1,281,721,598      cycles                    #    3.378 GHz                      ( +-  0.72% )
     1,248,782,082      instructions              #    0.97  insn per cycle           ( +-  0.03% )
       153,084,103      branches                  #  403.451 M/sec                    ( +-  0.06% )
           292,738      branch-misses             #    0.19% of all branches          ( +-  0.83% )

       0.109646165 seconds time elapsed                                          ( +-  1.54% )


 Performance counter stats for './mandelbrot_omp -0.8 -0.7 0.05 0.15 1024 4' (13 runs):

       1382.090844      task-clock (msec)         #    3.024 CPUs utilized            ( +-  0.60% )
               177      context-switches          #    0.128 K/sec                    ( +- 11.79% )
                 2      cpu-migrations            #    0.001 K/sec                    ( +- 36.51% )
            10,324      page-faults               #    0.007 M/sec                    ( +-  0.01% )
     4,615,984,234      cycles                    #    3.340 GHz                      ( +-  0.41% )
     4,963,538,358      instructions              #    1.08  insn per cycle           ( +-  0.01% )
       603,984,060      branches                  #  437.007 M/sec                    ( +-  0.02% )
         1,073,288      branch-misses             #    0.18% of all branches          ( +-  1.40% )

       0.457062992 seconds time elapsed                                          ( +-  4.75% )


 Performance counter stats for './mandelbrot_omp -0.8 -0.7 0.05 0.15 2048 4' (13 runs):

       5304.446052      task-clock (msec)         #    3.064 CPUs utilized            ( +-  0.48% )
               652      context-switches          #    0.123 K/sec                    ( +- 16.81% )
                 2      cpu-migrations            #    0.000 K/sec                    ( +- 18.09% )
            41,044      page-faults               #    0.008 M/sec                    ( +-  0.00% )
    17,557,167,812      cycles                    #    3.310 GHz                      ( +-  0.29% )
    19,813,067,970      instructions              #    1.13  insn per cycle           ( +-  0.01% )
     2,404,671,971      branches                  #  453.331 M/sec                    ( +-  0.02% )
         4,303,560      branch-misses             #    0.18% of all branches          ( +-  1.44% )

       1.731336484 seconds time elapsed                                          ( +-  0.65% )


 Performance counter stats for './mandelbrot_omp -0.8 -0.7 0.05 0.15 4096 4' (13 runs):

      20926.189598      task-clock (msec)         #    3.039 CPUs utilized            ( +-  0.37% )
             3,045      context-switches          #    0.146 K/sec                    ( +- 16.12% )
                 3      cpu-migrations            #    0.000 K/sec                    ( +- 14.62% )
           163,924      page-faults               #    0.008 M/sec                    ( +-  0.00% )
    68,915,415,863      cycles                    #    3.293 GHz                      ( +-  0.17% )
    79,188,445,269      instructions              #    1.15  insn per cycle           ( +-  0.01% )
     9,603,203,288      branches                  #  458.908 M/sec                    ( +-  0.01% )
        16,358,256      branch-misses             #    0.17% of all branches          ( +-  0.58% )

       6.885278745 seconds time elapsed                                          ( +-  0.58% )


 Performance counter stats for './mandelbrot_omp -0.8 -0.7 0.05 0.15 8192 4' (13 runs):

      84676.388206      task-clock (msec)         #    3.002 CPUs utilized            ( +-  0.29% )
             6,896      context-switches          #    0.081 K/sec                    ( +- 17.80% )
                 8      cpu-migrations            #    0.000 K/sec                    ( +- 12.33% )
           655,444      page-faults               #    0.008 M/sec                    ( +-  0.00% )
   277,451,971,644      cycles                    #    3.277 GHz                      ( +-  0.21% )
   316,811,343,081      instructions              #    1.14  insn per cycle           ( +-  0.01% )
    38,418,858,016      branches                  #  453.714 M/sec                    ( +-  0.02% )
        65,399,524      branch-misses             #    0.17% of all branches          ( +-  0.58% )

      28.207988012 seconds time elapsed                                          ( +-  0.51% )

