WARNING: perf not found for kernel 4.4.0-18362

  You may need to install the following packages for this specific kernel:
    linux-tools-4.4.0-18362-Microsoft
    linux-cloud-tools-4.4.0-18362-Microsoft

  You may also want to install one of the following packages to keep up to date:
    linux-tools-Microsoft
    linux-cloud-tools-Microsoft
WARNING: perf not found for kernel 4.4.0-18362

  You may need to install the following packages for this specific kernel:
    linux-tools-4.4.0-18362-Microsoft
    linux-cloud-tools-4.4.0-18362-Microsoft

  You may also want to install one of the following packages to keep up to date:
    linux-tools-Microsoft
    linux-cloud-tools-Microsoft
WARNING: perf not found for kernel 4.4.0-18362

  You may need to install the following packages for this specific kernel:
    linux-tools-4.4.0-18362-Microsoft
    linux-cloud-tools-4.4.0-18362-Microsoft

  You may also want to install one of the following packages to keep up to date:
    linux-tools-Microsoft
    linux-cloud-tools-Microsoft
WARNING: perf not found for kernel 4.4.0-18362

  You may need to install the following packages for this specific kernel:
    linux-tools-4.4.0-18362-Microsoft
    linux-cloud-tools-4.4.0-18362-Microsoft

  You may also want to install one of the following packages to keep up to date:
    linux-tools-Microsoft
    linux-cloud-tools-Microsoft
WARNING: perf not found for kernel 4.4.0-18362

  You may need to install the following packages for this specific kernel:
    linux-tools-4.4.0-18362-Microsoft
    linux-cloud-tools-4.4.0-18362-Microsoft

  You may also want to install one of the following packages to keep up to date:
    linux-tools-Microsoft
    linux-cloud-tools-Microsoft
WARNING: perf not found for kernel 4.4.0-18362

  You may need to install the following packages for this specific kernel:
    linux-tools-4.4.0-18362-Microsoft
    linux-cloud-tools-4.4.0-18362-Microsoft

  You may also want to install one of the following packages to keep up to date:
    linux-tools-Microsoft
    linux-cloud-tools-Microsoft
WARNING: perf not found for kernel 4.4.0-18362

  You may need to install the following packages for this specific kernel:
    linux-tools-4.4.0-18362-Microsoft
    linux-cloud-tools-4.4.0-18362-Microsoft

  You may also want to install one of the following packages to keep up to date:
    linux-tools-Microsoft
    linux-cloud-tools-Microsoft
WARNING: perf not found for kernel 4.4.0-18362

  You may need to install the following packages for this specific kernel:
    linux-tools-4.4.0-18362-Microsoft
    linux-cloud-tools-4.4.0-18362-Microsoft

  You may also want to install one of the following packages to keep up to date:
    linux-tools-Microsoft
    linux-cloud-tools-Microsoft
WARNING: perf not found for kernel 4.4.0-18362

  You may need to install the following packages for this specific kernel:
    linux-tools-4.4.0-18362-Microsoft
    linux-cloud-tools-4.4.0-18362-Microsoft

  You may also want to install one of the following packages to keep up to date:
    linux-tools-Microsoft
    linux-cloud-tools-Microsoft
WARNING: perf not found for kernel 4.4.0-18362

  You may need to install the following packages for this specific kernel:
    linux-tools-4.4.0-18362-Microsoft
    linux-cloud-tools-4.4.0-18362-Microsoft

  You may also want to install one of the following packages to keep up to date:
    linux-tools-Microsoft
    linux-cloud-tools-Microsoft
