Failed to launch compute_mandelbrot kernel | Error: invalid configuration argument
Failed to launch compute_mandelbrot kernel | Error: invalid configuration argument
Failed to launch compute_mandelbrot kernel | Error: invalid configuration argument
Failed to launch compute_mandelbrot kernel | Error: invalid configuration argument
Failed to launch compute_mandelbrot kernel | Error: invalid configuration argument
Failed to launch compute_mandelbrot kernel | Error: invalid configuration argument
Failed to launch compute_mandelbrot kernel | Error: invalid configuration argument
Failed to launch compute_mandelbrot kernel | Error: invalid configuration argument
Failed to launch compute_mandelbrot kernel | Error: invalid configuration argument
Failed to launch compute_mandelbrot kernel | Error: invalid configuration argument
Failed to launch compute_mandelbrot kernel | Error: invalid configuration argument
Failed to launch compute_mandelbrot kernel | Error: invalid configuration argument
Failed to launch compute_mandelbrot kernel | Error: invalid configuration argument
Failed to launch compute_mandelbrot kernel | Error: invalid configuration argument
Failed to launch compute_mandelbrot kernel | Error: invalid configuration argument

 Performance counter stats for './bin/mandelbrot_cuda -0.188 -0.012 0.554 0.754 4096 1024 2048' (15 runs):

         75.086660      task-clock (msec)         #    0.872 CPUs utilized            ( +-  2.34% )
                46      context-switches          #    0.612 K/sec                    ( +-  2.76% )
                 0      cpu-migrations            #    0.003 K/sec                    ( +- 53.45% )
             4,082      page-faults               #    0.054 M/sec                    ( +-  0.01% )
       257,948,796      cycles                    #    3.435 GHz                      ( +-  0.37% )
       237,397,395      instructions              #    0.92  insn per cycle           ( +-  0.09% )
        51,482,311      branches                  #  685.639 M/sec                    ( +-  0.11% )
         1,349,585      branch-misses             #    2.62% of all branches          ( +-  0.58% )

       0.086148347 seconds time elapsed                                          ( +-  9.72% )

