
 Performance counter stats for './mandelbrot_pth -2.5 1.5 -2.0 2.0 32 32' (13 runs):

          5.280274      task-clock (msec)         #    1.081 CPUs utilized            ( +- 63.87% )
                23      context-switches          #    0.004 M/sec                    ( +-  7.72% )
                 1      cpu-migrations            #    0.160 K/sec                    ( +- 32.35% )
               140      page-faults               #    0.026 M/sec                    ( +-  0.26% )
        17,631,831      cycles                    #    3.339 GHz                      ( +- 65.14% )
        23,049,387      instructions              #    1.31  insn per cycle           ( +- 81.33% )
         4,091,794      branches                  #  774.921 M/sec                    ( +- 81.70% )
            58,543      branch-misses             #    1.43% of all branches          ( +- 68.05% )

       0.004884624 seconds time elapsed                                          ( +- 69.43% )


 Performance counter stats for './mandelbrot_omp -2.5 1.5 -2.0 2.0 32 32' (13 runs):

          2.709268      task-clock (msec)         #    1.576 CPUs utilized            ( +-  1.63% )
               117      context-switches          #    0.043 M/sec                    ( +-  0.56% )
                20      cpu-migrations            #    0.007 M/sec                    ( +-  7.37% )
               152      page-faults               #    0.056 M/sec                    ( +-  0.29% )
         8,384,633      cycles                    #    3.095 GHz                      ( +-  0.93% )
         4,777,547      instructions              #    0.57  insn per cycle           ( +-  0.17% )
           873,015      branches                  #  322.233 M/sec                    ( +-  0.15% )
            23,206      branch-misses             #    2.66% of all branches          ( +-  1.50% )

       0.001719499 seconds time elapsed                                          ( +-  1.71% )


 Performance counter stats for './mandelbrot_pth -2.5 1.5 -2.0 2.0 32 32' (13 runs):

          6.420359      task-clock (msec)         #    0.139 CPUs utilized            ( +-  7.38% )
                30      context-switches          #    0.005 M/sec                    ( +- 10.01% )
                 4      cpu-migrations            #    0.623 K/sec                    ( +- 22.65% )
               140      page-faults               #    0.022 M/sec                    ( +-  0.27% )
         7,046,316      cycles                    #    1.097 GHz                      ( +-  1.79% )
         4,370,245      instructions              #    0.62  insn per cycle           ( +-  0.53% )
           762,323      branches                  #  118.735 M/sec                    ( +-  0.60% )
            23,296      branch-misses             #    3.06% of all branches          ( +-  3.02% )

       0.046263255 seconds time elapsed                                          ( +- 32.71% )


 Performance counter stats for './mandelbrot_omp -2.5 1.5 -2.0 2.0 32 32' (13 runs):

          2.667684      task-clock (msec)         #    1.585 CPUs utilized            ( +-  1.10% )
               118      context-switches          #    0.044 M/sec                    ( +-  0.49% )
                23      cpu-migrations            #    0.009 M/sec                    ( +-  6.49% )
               152      page-faults               #    0.057 M/sec                    ( +-  0.32% )
         8,352,318      cycles                    #    3.131 GHz                      ( +-  0.57% )
         4,783,826      instructions              #    0.57  insn per cycle           ( +-  0.24% )
           874,657      branches                  #  327.871 M/sec                    ( +-  0.22% )
            23,138      branch-misses             #    2.65% of all branches          ( +-  1.17% )

       0.001683488 seconds time elapsed                                          ( +-  1.83% )

