
 Performance counter stats for './mandelbrot_pth -2.5 1.5 -2.0 2.0 16 16' (13 runs):

          6.755592      task-clock (msec)         #    0.075 CPUs utilized            ( +- 56.18% )
                24      context-switches          #    0.003 M/sec                    ( +- 12.67% )
                 3      cpu-migrations            #    0.501 K/sec                    ( +- 22.33% )
               102      page-faults               #    0.015 M/sec                    ( +-  0.38% )
        10,416,552      cycles                    #    1.542 GHz                      ( +- 60.29% )
        10,341,062      instructions              #    0.99  insn per cycle           ( +- 76.74% )
         1,849,332      branches                  #  273.748 M/sec                    ( +- 76.03% )
            37,899      branch-misses             #    2.05% of all branches          ( +- 54.76% )

       0.090365330 seconds time elapsed                                          ( +- 73.54% )


 Performance counter stats for './mandelbrot_pth -2.5 1.5 -2.0 2.0 32 16' (13 runs):

          1.357711      task-clock (msec)         #    1.238 CPUs utilized            ( +-  1.07% )
                17      context-switches          #    0.012 M/sec                    ( +-  4.89% )
                 1      cpu-migrations            #    0.680 K/sec                    ( +- 28.67% )
               110      page-faults               #    0.081 M/sec                    ( +-  0.30% )
         4,414,355      cycles                    #    3.251 GHz                      ( +-  1.05% )
         3,258,107      instructions              #    0.74  insn per cycle           ( +-  0.22% )
           540,396      branches                  #  398.020 M/sec                    ( +-  0.23% )
            15,714      branch-misses             #    2.91% of all branches          ( +-  1.26% )

       0.001096404 seconds time elapsed                                          ( +-  1.50% )


 Performance counter stats for './mandelbrot_pth -2.5 1.5 -2.0 2.0 64 16' (13 runs):

          2.321928      task-clock (msec)         #    1.395 CPUs utilized            ( +-  2.51% )
                22      context-switches          #    0.010 M/sec                    ( +-  6.87% )
                 3      cpu-migrations            #    0.001 M/sec                    ( +- 16.01% )
               140      page-faults               #    0.060 M/sec                    ( +-  0.26% )
         7,628,480      cycles                    #    3.285 GHz                      ( +-  2.24% )
         6,924,273      instructions              #    0.91  insn per cycle           ( +-  0.52% )
           978,927      branches                  #  421.601 M/sec                    ( +-  0.67% )
            20,096      branch-misses             #    2.05% of all branches          ( +-  4.65% )

       0.001664612 seconds time elapsed                                          ( +- 15.90% )


 Performance counter stats for './mandelbrot_pth -2.5 1.5 -2.0 2.0 128 16' (13 runs):

          5.568213      task-clock (msec)         #    1.885 CPUs utilized            ( +-  1.34% )
                17      context-switches          #    0.003 M/sec                    ( +-  5.53% )
                 3      cpu-migrations            #    0.484 K/sec                    ( +- 14.19% )
               260      page-faults               #    0.047 M/sec                    ( +-  0.15% )
        18,539,449      cycles                    #    3.330 GHz                      ( +-  1.38% )
        21,037,020      instructions              #    1.13  insn per cycle           ( +-  0.69% )
         2,640,908      branches                  #  474.283 M/sec                    ( +-  0.99% )
            24,919      branch-misses             #    0.94% of all branches          ( +-  5.52% )

       0.002954179 seconds time elapsed                                          ( +-  4.12% )


 Performance counter stats for './mandelbrot_pth -2.5 1.5 -2.0 2.0 256 16' (13 runs):

         18.770828      task-clock (msec)         #    2.168 CPUs utilized            ( +-  0.75% )
                21      context-switches          #    0.001 M/sec                    ( +-  5.38% )
                 5      cpu-migrations            #    0.242 K/sec                    ( +- 10.17% )
               741      page-faults               #    0.039 M/sec                    ( +-  0.05% )
        63,436,875      cycles                    #    3.380 GHz                      ( +-  0.75% )
        77,055,540      instructions              #    1.21  insn per cycle           ( +-  0.02% )
         9,208,279      branches                  #  490.563 M/sec                    ( +-  0.04% )
            46,431      branch-misses             #    0.50% of all branches          ( +-  9.45% )

       0.008657608 seconds time elapsed                                          ( +-  2.51% )


 Performance counter stats for './mandelbrot_pth -2.5 1.5 -2.0 2.0 512 16' (13 runs):

         73.161136      task-clock (msec)         #    1.782 CPUs utilized            ( +-  1.95% )
                35      context-switches          #    0.485 K/sec                    ( +-  9.30% )
                 8      cpu-migrations            #    0.111 K/sec                    ( +-  8.54% )
             2,661      page-faults               #    0.036 M/sec                    ( +-  0.02% )
       240,848,863      cycles                    #    3.292 GHz                      ( +-  0.95% )
       301,332,945      instructions              #    1.25  insn per cycle           ( +-  0.02% )
        35,532,562      branches                  #  485.675 M/sec                    ( +-  0.03% )
           107,827      branch-misses             #    0.30% of all branches          ( +- 12.70% )

       0.041048226 seconds time elapsed                                          ( +- 25.10% )


 Performance counter stats for './mandelbrot_pth -2.5 1.5 -2.0 2.0 1024 16' (13 runs):

        279.402073      task-clock (msec)         #    1.755 CPUs utilized            ( +-  1.30% )
                74      context-switches          #    0.264 K/sec                    ( +-  6.26% )
                 9      cpu-migrations            #    0.031 K/sec                    ( +-  4.58% )
            10,341      page-faults               #    0.037 M/sec                    ( +-  0.00% )
       934,663,326      cycles                    #    3.345 GHz                      ( +-  0.81% )
     1,197,845,384      instructions              #    1.28  insn per cycle           ( +-  0.01% )
       140,737,538      branches                  #  503.710 M/sec                    ( +-  0.02% )
           286,060      branch-misses             #    0.20% of all branches          ( +- 15.60% )

       0.159169464 seconds time elapsed                                          ( +- 22.09% )


 Performance counter stats for './mandelbrot_pth -2.5 1.5 -2.0 2.0 2048 16' (13 runs):

       1107.196518      task-clock (msec)         #    2.312 CPUs utilized            ( +-  0.52% )
               294      context-switches          #    0.266 K/sec                    ( +-  7.13% )
                12      cpu-migrations            #    0.010 K/sec                    ( +-  7.12% )
            41,061      page-faults               #    0.037 M/sec                    ( +-  0.00% )
     3,712,085,169      cycles                    #    3.353 GHz                      ( +-  0.51% )
     4,783,417,792      instructions              #    1.29  insn per cycle           ( +-  0.01% )
       561,537,590      branches                  #  507.171 M/sec                    ( +-  0.01% )
         1,083,539      branch-misses             #    0.19% of all branches          ( +-  6.52% )

       0.478987276 seconds time elapsed                                          ( +-  3.51% )


 Performance counter stats for './mandelbrot_pth -2.5 1.5 -2.0 2.0 4096 16' (13 runs):

       4284.896080      task-clock (msec)         #    2.304 CPUs utilized            ( +-  0.18% )
               835      context-switches          #    0.195 K/sec                    ( +-  3.99% )
                14      cpu-migrations            #    0.003 K/sec                    ( +-  5.54% )
           163,941      page-faults               #    0.038 M/sec                    ( +-  0.00% )
    14,425,723,035      cycles                    #    3.367 GHz                      ( +-  0.17% )
    19,128,869,215      instructions              #    1.33  insn per cycle           ( +-  0.01% )
     2,245,226,071      branches                  #  523.986 M/sec                    ( +-  0.02% )
         3,603,435      branch-misses             #    0.16% of all branches          ( +-  1.41% )

       1.860009077 seconds time elapsed                                          ( +-  2.56% )


 Performance counter stats for './mandelbrot_pth -2.5 1.5 -2.0 2.0 8192 16' (13 runs):

      16891.608975      task-clock (msec)         #    2.303 CPUs utilized            ( +-  0.41% )
             2,982      context-switches          #    0.177 K/sec                    ( +-  8.65% )
                27      cpu-migrations            #    0.002 K/sec                    ( +-  7.47% )
           655,461      page-faults               #    0.039 M/sec                    ( +-  0.00% )
    57,039,943,303      cycles                    #    3.377 GHz                      ( +-  0.24% )
    76,519,680,559      instructions              #    1.34  insn per cycle           ( +-  0.01% )
     8,979,931,527      branches                  #  531.621 M/sec                    ( +-  0.01% )
        13,124,940      branch-misses             #    0.15% of all branches          ( +-  3.66% )

       7.335319204 seconds time elapsed                                          ( +-  0.94% )

