 Performance counter stats for './mandelbrot_pth -2.5 1.5 -2.0 2.0 16 1' (13 runs):

          0.472539      task-clock (msec)         #    0.289 CPUs utilized            ( +-  1.41% )
                 1      context-switches          #    0.002 M/sec                    ( +-  7.14% )
                 0      cpu-migrations            #    0.163 K/sec                    ( +-100.00% )
                71      page-faults               #    0.149 M/sec                    ( +-  0.52% )
         1,584,267      cycles                    #    3.353 GHz                      ( +-  1.41% )
         1,306,858      instructions              #    0.82  insn per cycle           ( +-  0.36% )
           230,920      branches                  #  488.680 M/sec                    ( +-  0.32% )
            10,021      branch-misses             #    4.34% of all branches          ( +-  1.54% )

       0.001635462 seconds time elapsed                                          ( +- 63.09% )


 Performance counter stats for './mandelbrot_pth -2.5 1.5 -2.0 2.0 32 1' (13 runs):

          0.649904      task-clock (msec)         #    0.835 CPUs utilized            ( +-  1.18% )
                 1      context-switches          #    0.002 M/sec                  
                 0      cpu-migrations            #    0.000 K/sec                  
                79      page-faults               #    0.122 M/sec                    ( +-  0.44% )
         2,186,299      cycles                    #    3.364 GHz                      ( +-  1.18% )
         2,209,130      instructions              #    1.01  insn per cycle           ( +-  0.25% )
           336,177      branches                  #  517.271 M/sec                    ( +-  0.24% )
            10,004      branch-misses             #    2.98% of all branches          ( +-  1.60% )

       0.000778744 seconds time elapsed                                          ( +-  1.29% )


 Performance counter stats for './mandelbrot_pth -2.5 1.5 -2.0 2.0 64 1' (13 runs):

          1.335069      task-clock (msec)         #    0.903 CPUs utilized            ( +-  0.93% )
                 1      context-switches          #    0.807 K/sec                    ( +-  7.14% )
                 0      cpu-migrations            #    0.115 K/sec                    ( +-100.00% )
               109      page-faults               #    0.081 M/sec                    ( +-  0.32% )
         4,505,368      cycles                    #    3.375 GHz                      ( +-  0.90% )
         5,735,727      instructions              #    1.27  insn per cycle           ( +-  0.08% )
           749,398      branches                  #  561.318 M/sec                    ( +-  0.12% )
            11,396      branch-misses             #    1.52% of all branches          ( +-  1.57% )

       0.001479249 seconds time elapsed                                          ( +-  1.31% )


 Performance counter stats for './mandelbrot_pth -2.5 1.5 -2.0 2.0 128 1' (13 runs):

          4.156011      task-clock (msec)         #    0.958 CPUs utilized            ( +-  0.78% )
                 1      context-switches          #    0.296 K/sec                    ( +-  9.88% )
                 0      cpu-migrations            #    0.019 K/sec                    ( +-100.00% )
               229      page-faults               #    0.055 M/sec                    ( +-  0.18% )
        13,939,274      cycles                    #    3.354 GHz                      ( +-  0.68% )
        19,762,060      instructions              #    1.42  insn per cycle           ( +-  0.03% )
         2,396,238      branches                  #  576.572 M/sec                    ( +-  0.04% )
            15,519      branch-misses             #    0.65% of all branches          ( +-  0.83% )

       0.004337757 seconds time elapsed                                          ( +-  0.92% )


 Performance counter stats for './mandelbrot_pth -2.5 1.5 -2.0 2.0 256 1' (13 runs):

         21.977481      task-clock (msec)         #    0.816 CPUs utilized            ( +-  8.29% )
                 3      context-switches          #    0.116 K/sec                    ( +- 20.74% )
                 0      cpu-migrations            #    0.004 K/sec                    ( +-100.00% )
               710      page-faults               #    0.032 M/sec                    ( +-  0.06% )
        51,230,169      cycles                    #    2.331 GHz                      ( +-  1.09% )
        75,913,013      instructions              #    1.48  insn per cycle           ( +-  0.02% )
         8,987,295      branches                  #  408.932 M/sec                    ( +-  0.03% )
            34,702      branch-misses             #    0.39% of all branches          ( +- 14.00% )

       0.026932803 seconds time elapsed                                          ( +- 17.30% )


 Performance counter stats for './mandelbrot_pth -2.5 1.5 -2.0 2.0 512 1' (13 runs):

         57.406614      task-clock (msec)         #    0.994 CPUs utilized            ( +-  0.70% )
                 3      context-switches          #    0.055 K/sec                    ( +- 31.47% )
                 0      cpu-migrations            #    0.001 K/sec                    ( +-100.00% )
             2,630      page-faults               #    0.046 M/sec                    ( +-  0.01% )
       196,053,279      cycles                    #    3.415 GHz                      ( +-  0.26% )
       300,226,063      instructions              #    1.53  insn per cycle           ( +-  0.01% )
        35,310,354      branches                  #  615.092 M/sec                    ( +-  0.01% )
            74,727      branch-misses             #    0.21% of all branches          ( +-  3.99% )

       0.057763530 seconds time elapsed                                          ( +-  0.72% )


 Performance counter stats for './mandelbrot_pth -2.5 1.5 -2.0 2.0 1024 1' (13 runs):

        221.011546      task-clock (msec)         #    0.998 CPUs utilized            ( +-  0.54% )
                 5      context-switches          #    0.023 K/sec                    ( +- 26.70% )
                 0      cpu-migrations            #    0.000 K/sec                    ( +-100.00% )
            10,309      page-faults               #    0.047 M/sec                    ( +-  0.00% )
       775,746,395      cycles                    #    3.510 GHz                      ( +-  0.38% )
     1,197,266,080      instructions              #    1.54  insn per cycle           ( +-  0.01% )
       140,594,903      branches                  #  636.143 M/sec                    ( +-  0.01% )
           248,149      branch-misses             #    0.18% of all branches          ( +-  9.28% )

       0.221426594 seconds time elapsed                                          ( +-  0.60% )


 Performance counter stats for './mandelbrot_pth -2.5 1.5 -2.0 2.0 2048 1' (13 runs):

        844.240648      task-clock (msec)         #    0.974 CPUs utilized            ( +-  0.28% )
                31      context-switches          #    0.036 K/sec                    ( +- 43.88% )
                 0      cpu-migrations            #    0.001 K/sec                    ( +- 83.61% )
            41,030      page-faults               #    0.049 M/sec                    ( +-  0.00% )
     3,072,448,546      cycles                    #    3.639 GHz                      ( +-  0.04% )
     4,785,476,257      instructions              #    1.56  insn per cycle           ( +-  0.01% )
       561,767,828      branches                  #  665.412 M/sec                    ( +-  0.02% )
           797,405      branch-misses             #    0.14% of all branches          ( +-  0.81% )

       0.866656367 seconds time elapsed                                          ( +-  2.45% )


 Performance counter stats for './mandelbrot_pth -2.5 1.5 -2.0 2.0 4096 1' (13 runs):

       3434.198363      task-clock (msec)         #    0.963 CPUs utilized            ( +-  0.31% )
                38      context-switches          #    0.011 K/sec                    ( +- 35.30% )
                 1      cpu-migrations            #    0.000 K/sec                    ( +- 22.82% )
           163,910      page-faults               #    0.048 M/sec                    ( +-  0.00% )
    12,273,644,489      cycles                    #    3.574 GHz                      ( +-  0.04% )
    19,135,811,931      instructions              #    1.56  insn per cycle           ( +-  0.01% )
     2,245,870,420      branches                  #  653.972 M/sec                    ( +-  0.01% )
         3,082,689      branch-misses             #    0.14% of all branches          ( +-  0.96% )

       3.567802761 seconds time elapsed                                          ( +-  1.29% )


 Performance counter stats for './mandelbrot_pth -2.5 1.5 -2.0 2.0 8192 1' (13 runs):

      15060.074871      task-clock (msec)         #    0.966 CPUs utilized            ( +-  0.31% )
               403      context-switches          #    0.027 K/sec                    ( +- 22.74% )
                 4      cpu-migrations            #    0.000 K/sec                    ( +- 27.70% )
           655,429      page-faults               #    0.044 M/sec                    ( +-  0.00% )
    50,098,256,144      cycles                    #    3.327 GHz                      ( +-  0.26% )
    76,514,761,682      instructions              #    1.53  insn per cycle           ( +-  0.02% )
     8,978,382,336      branches                  #  596.171 M/sec                    ( +-  0.03% )
        11,726,983      branch-misses             #    0.13% of all branches          ( +-  1.11% )

      15.592129781 seconds time elapsed                                          ( +-  0.57% )

