 Performance counter stats for './mandelbrot_pth -0.8 -0.7 0.05 0.15 16 1' (13 runs):

          0.707382      task-clock (msec)         #    0.841 CPUs utilized            ( +-  1.67% )
                 1      context-switches          #    0.001 M/sec                  
                 0      cpu-migrations            #    0.000 K/sec                  
                71      page-faults               #    0.101 M/sec                    ( +-  0.51% )
         2,381,670      cycles                    #    3.367 GHz                      ( +-  1.67% )
         2,257,228      instructions              #    0.95  insn per cycle           ( +-  0.16% )
           302,474      branches                  #  427.596 M/sec                    ( +-  0.18% )
             9,538      branch-misses             #    3.15% of all branches          ( +-  2.12% )

       0.000841038 seconds time elapsed                                          ( +-  2.02% )


 Performance counter stats for './mandelbrot_pth -0.8 -0.7 0.05 0.15 32 1' (13 runs):

          1.611832      task-clock (msec)         #    0.924 CPUs utilized            ( +-  0.63% )
                 1      context-switches          #    0.716 K/sec                    ( +-  9.03% )
                 0      cpu-migrations            #    0.000 K/sec                  
                79      page-faults               #    0.049 M/sec                    ( +-  0.49% )
         5,449,155      cycles                    #    3.381 GHz                      ( +-  0.62% )
         5,998,496      instructions              #    1.10  insn per cycle           ( +-  0.05% )
           616,868      branches                  #  382.712 M/sec                    ( +-  0.11% )
            10,662      branch-misses             #    1.73% of all branches          ( +-  1.98% )

       0.001745069 seconds time elapsed                                          ( +-  0.92% )


 Performance counter stats for './mandelbrot_pth -0.8 -0.7 0.05 0.15 64 1' (13 runs):

          5.265366      task-clock (msec)         #    0.975 CPUs utilized            ( +-  0.84% )
                 1      context-switches          #    0.205 K/sec                    ( +-  7.14% )
                 0      cpu-migrations            #    0.000 K/sec                  
               109      page-faults               #    0.021 M/sec                    ( +-  0.41% )
        17,800,299      cycles                    #    3.381 GHz                      ( +-  0.72% )
        21,024,315      instructions              #    1.18  insn per cycle           ( +-  0.03% )
         1,885,342      branches                  #  358.065 M/sec                    ( +-  0.05% )
            14,496      branch-misses             #    0.77% of all branches          ( +-  1.20% )

       0.005398663 seconds time elapsed                                          ( +-  0.87% )


 Performance counter stats for './mandelbrot_pth -0.8 -0.7 0.05 0.15 128 1' (13 runs):

         20.350183      task-clock (msec)         #    0.984 CPUs utilized            ( +-  0.83% )
                 2      context-switches          #    0.102 K/sec                    ( +- 40.23% )
                 0      cpu-migrations            #    0.011 K/sec                    ( +- 52.70% )
               229      page-faults               #    0.011 M/sec                    ( +-  0.19% )
        68,422,504      cycles                    #    3.362 GHz                      ( +-  0.73% )
        80,988,217      instructions              #    1.18  insn per cycle           ( +-  0.02% )
         6,943,960      branches                  #  341.223 M/sec                    ( +-  0.05% )
            30,692      branch-misses             #    0.44% of all branches          ( +-  4.37% )

       0.020679796 seconds time elapsed                                          ( +-  0.92% )


 Performance counter stats for './mandelbrot_pth -0.8 -0.7 0.05 0.15 256 1' (13 runs):

         75.825157      task-clock (msec)         #    0.997 CPUs utilized            ( +-  0.69% )
                 1      context-switches          #    0.019 K/sec                    ( +- 26.40% )
                 0      cpu-migrations            #    0.002 K/sec                    ( +-100.00% )
               710      page-faults               #    0.009 M/sec                    ( +-  0.04% )
       263,055,014      cycles                    #    3.469 GHz                      ( +-  0.16% )
       320,921,261      instructions              #    1.22  insn per cycle           ( +-  0.00% )
        27,171,415      branches                  #  358.343 M/sec                    ( +-  0.01% )
            76,432      branch-misses             #    0.28% of all branches          ( +-  0.38% )

       0.076032015 seconds time elapsed                                          ( +-  0.69% )


 Performance counter stats for './mandelbrot_pth -0.8 -0.7 0.05 0.15 512 1' (13 runs):

        298.465980      task-clock (msec)         #    0.999 CPUs utilized            ( +-  0.80% )
                 5      context-switches          #    0.016 K/sec                    ( +- 36.11% )
                 0      cpu-migrations            #    0.000 K/sec                  
             2,630      page-faults               #    0.009 M/sec                    ( +-  0.02% )
     1,049,915,881      cycles                    #    3.518 GHz                      ( +-  0.34% )
     1,280,409,666      instructions              #    1.22  insn per cycle           ( +-  0.00% )
       108,074,753      branches                  #  362.101 M/sec                    ( +-  0.01% )
           291,161      branch-misses             #    0.27% of all branches          ( +-  7.46% )

       0.298789350 seconds time elapsed                                          ( +-  0.81% )


 Performance counter stats for './mandelbrot_pth -0.8 -0.7 0.05 0.15 1024 1' (13 runs):

       1169.117655      task-clock (msec)         #    0.999 CPUs utilized            ( +-  0.27% )
                23      context-switches          #    0.019 K/sec                    ( +- 39.15% )
                 0      cpu-migrations            #    0.000 K/sec                    ( +- 52.70% )
            10,310      page-faults               #    0.009 M/sec                    ( +-  0.00% )
     4,167,903,476      cycles                    #    3.565 GHz                      ( +-  0.05% )
     5,117,328,232      instructions              #    1.23  insn per cycle           ( +-  0.00% )
       431,641,001      branches                  #  369.202 M/sec                    ( +-  0.01% )
         1,019,863      branch-misses             #    0.24% of all branches          ( +-  1.97% )

       1.170083513 seconds time elapsed                                          ( +-  0.28% )


 Performance counter stats for './mandelbrot_pth -0.8 -0.7 0.05 0.15 2048 1' (13 runs):

       4717.016087      task-clock (msec)         #    1.000 CPUs utilized            ( +-  0.42% )
               107      context-switches          #    0.023 K/sec                    ( +- 66.71% )
                 0      cpu-migrations            #    0.000 K/sec                    ( +- 46.90% )
            41,030      page-faults               #    0.009 M/sec                    ( +-  0.00% )
    16,696,717,887      cycles                    #    3.540 GHz                      ( +-  0.08% )
    20,463,943,774      instructions              #    1.23  insn per cycle           ( +-  0.00% )
     1,725,728,148      branches                  #  365.852 M/sec                    ( +-  0.01% )
         3,917,365      branch-misses             #    0.23% of all branches          ( +-  0.58% )

       4.719016998 seconds time elapsed                                          ( +-  0.43% )


 Performance counter stats for './mandelbrot_pth -0.8 -0.7 0.05 0.15 4096 1' (13 runs):

      19310.499937      task-clock (msec)         #    0.999 CPUs utilized            ( +-  0.99% )
               146      context-switches          #    0.008 K/sec                    ( +- 52.43% )
                 1      cpu-migrations            #    0.000 K/sec                    ( +- 20.89% )
           163,909      page-faults               #    0.008 M/sec                    ( +-  0.00% )
    66,985,989,279      cycles                    #    3.469 GHz                      ( +-  0.17% )
    81,849,811,921      instructions              #    1.22  insn per cycle           ( +-  0.00% )
     6,902,127,271      branches                  #  357.429 M/sec                    ( +-  0.00% )
        15,400,113      branch-misses             #    0.22% of all branches          ( +-  0.96% )

      19.322547474 seconds time elapsed                                          ( +-  1.00% )


 Performance counter stats for './mandelbrot_pth -0.8 -0.7 0.05 0.15 8192 1' (13 runs):

      79163.728825      task-clock (msec)         #    0.994 CPUs utilized            ( +-  0.51% )
               639      context-switches          #    0.008 K/sec                    ( +- 18.23% )
                 5      cpu-migrations            #    0.000 K/sec                    ( +- 20.44% )
           655,430      page-faults               #    0.008 M/sec                    ( +-  0.00% )
   267,947,623,362      cycles                    #    3.385 GHz                      ( +-  0.11% )
   327,345,402,499      instructions              #    1.22  insn per cycle           ( +-  0.00% )
    27,597,165,896      branches                  #  348.609 M/sec                    ( +-  0.01% )
        59,489,453      branch-misses             #    0.22% of all branches          ( +-  0.30% )

      79.670760301 seconds time elapsed                                          ( +-  0.53% )

