
 Performance counter stats for './mandelbrot_pth -0.188 -0.012 0.554 0.754 16 4' (13 runs):

          0.903278      task-clock (msec)         #    1.237 CPUs utilized            ( +-  0.98% )
                 3      context-switches          #    0.004 M/sec                    ( +-  6.22% )
                 0      cpu-migrations            #    0.255 K/sec                    ( +- 72.01% )
                78      page-faults               #    0.086 M/sec                    ( +-  0.57% )
         3,014,696      cycles                    #    3.338 GHz                      ( +-  0.99% )
         2,621,707      instructions              #    0.87  insn per cycle           ( +-  0.20% )
           353,038      branches                  #  390.841 M/sec                    ( +-  0.23% )
            11,046      branch-misses             #    3.13% of all branches          ( +-  1.55% )

       0.000729992 seconds time elapsed                                          ( +-  1.36% )


 Performance counter stats for './mandelbrot_pth -0.188 -0.012 0.554 0.754 32 4' (13 runs):

          2.076262      task-clock (msec)         #    1.868 CPUs utilized            ( +-  1.72% )
                 2      context-switches          #    0.001 M/sec                    ( +- 10.27% )
                 0      cpu-migrations            #    0.148 K/sec                    ( +- 56.83% )
                85      page-faults               #    0.041 M/sec                    ( +-  0.48% )
         6,987,077      cycles                    #    3.365 GHz                      ( +-  1.72% )
         6,831,984      instructions              #    0.98  insn per cycle           ( +-  0.05% )
           702,160      branches                  #  338.185 M/sec                    ( +-  0.08% )
            11,979      branch-misses             #    1.71% of all branches          ( +-  1.48% )

       0.001111720 seconds time elapsed                                          ( +-  1.99% )


 Performance counter stats for './mandelbrot_pth -0.188 -0.012 0.554 0.754 64 4' (13 runs):

         18.194668      task-clock (msec)         #    2.557 CPUs utilized            ( +-  7.50% )
                 4      context-switches          #    0.199 K/sec                    ( +- 11.94% )
                 1      cpu-migrations            #    0.038 K/sec                    ( +- 50.10% )
               115      page-faults               #    0.006 M/sec                    ( +-  0.30% )
        22,701,711      cycles                    #    1.248 GHz                      ( +-  1.78% )
        23,787,499      instructions              #    1.05  insn per cycle           ( +-  0.04% )
         2,117,403      branches                  #  116.375 M/sec                    ( +-  0.08% )
            17,949      branch-misses             #    0.85% of all branches          ( +-  1.19% )

       0.007115637 seconds time elapsed                                          ( +-  7.34% )


 Performance counter stats for './mandelbrot_pth -0.188 -0.012 0.554 0.754 128 4' (13 runs):

         33.990574      task-clock (msec)         #    1.517 CPUs utilized            ( +- 17.63% )
                 5      context-switches          #    0.138 K/sec                    ( +- 14.75% )
                 0      cpu-migrations            #    0.002 K/sec                    ( +-100.00% )
               234      page-faults               #    0.007 M/sec                    ( +-  0.11% )
        85,534,755      cycles                    #    2.516 GHz                      ( +-  1.73% )
        91,330,747      instructions              #    1.07  insn per cycle           ( +-  0.11% )
         7,746,654      branches                  #  227.906 M/sec                    ( +-  0.24% )
            31,803      branch-misses             #    0.41% of all branches          ( +-  1.67% )

       0.022407243 seconds time elapsed                                          ( +- 43.61% )


 Performance counter stats for './mandelbrot_pth -0.188 -0.012 0.554 0.754 256 4' (13 runs):

        102.035185      task-clock (msec)         #    3.062 CPUs utilized            ( +-  1.21% )
                11      context-switches          #    0.112 K/sec                    ( +- 15.90% )
                 1      cpu-migrations            #    0.006 K/sec                    ( +- 34.61% )
               716      page-faults               #    0.007 M/sec                    ( +-  0.05% )
       344,389,571      cycles                    #    3.375 GHz                      ( +-  1.10% )
       361,024,955      instructions              #    1.05  insn per cycle           ( +-  0.01% )
        30,190,938      branches                  #  295.888 M/sec                    ( +-  0.03% )
            87,710      branch-misses             #    0.29% of all branches          ( +-  0.97% )

       0.033319819 seconds time elapsed                                          ( +-  1.67% )


 Performance counter stats for './mandelbrot_pth -0.188 -0.012 0.554 0.754 512 4' (13 runs):

        381.499887      task-clock (msec)         #    3.247 CPUs utilized            ( +-  1.16% )
                28      context-switches          #    0.074 K/sec                    ( +- 15.71% )
                 1      cpu-migrations            #    0.003 K/sec                    ( +- 18.13% )
             2,636      page-faults               #    0.007 M/sec                    ( +-  0.01% )
     1,275,929,266      cycles                    #    3.345 GHz                      ( +-  1.11% )
     1,439,591,083      instructions              #    1.13  insn per cycle           ( +-  0.00% )
       119,936,294      branches                  #  314.381 M/sec                    ( +-  0.01% )
           325,390      branch-misses             #    0.27% of all branches          ( +-  4.70% )

       0.117499903 seconds time elapsed                                          ( +-  1.86% )


 Performance counter stats for './mandelbrot_pth -0.188 -0.012 0.554 0.754 1024 4' (13 runs):

       1447.491694      task-clock (msec)         #    3.304 CPUs utilized            ( +-  1.41% )
                90      context-switches          #    0.062 K/sec                    ( +- 17.96% )
                 1      cpu-migrations            #    0.001 K/sec                    ( +- 13.03% )
            10,316      page-faults               #    0.007 M/sec                    ( +-  0.00% )
     4,895,138,608      cycles                    #    3.382 GHz                      ( +-  1.38% )
     5,753,694,061      instructions              #    1.18  insn per cycle           ( +-  0.00% )
       478,933,721      branches                  #  330.871 M/sec                    ( +-  0.01% )
         1,146,217      branch-misses             #    0.24% of all branches          ( +-  1.25% )

       0.438057982 seconds time elapsed                                          ( +-  1.47% )


 Performance counter stats for './mandelbrot_pth -0.188 -0.012 0.554 0.754 2048 4' (13 runs):

       5582.166304      task-clock (msec)         #    3.291 CPUs utilized            ( +-  0.14% )
               329      context-switches          #    0.059 K/sec                    ( +- 20.67% )
                 2      cpu-migrations            #    0.000 K/sec                    ( +- 15.53% )
            41,036      page-faults               #    0.007 M/sec                    ( +-  0.00% )
    18,965,026,678      cycles                    #    3.397 GHz                      ( +-  0.12% )
    23,007,210,111      instructions              #    1.21  insn per cycle           ( +-  0.00% )
     1,914,384,607      branches                  #  342.947 M/sec                    ( +-  0.01% )
         4,385,126      branch-misses             #    0.23% of all branches          ( +-  0.34% )

       1.696028401 seconds time elapsed                                          ( +-  0.18% )


 Performance counter stats for './mandelbrot_pth -0.188 -0.012 0.554 0.754 4096 4' (13 runs):

      22253.506500      task-clock (msec)         #    3.281 CPUs utilized            ( +-  0.06% )
             1,210      context-switches          #    0.054 K/sec                    ( +- 17.26% )
                 2      cpu-migrations            #    0.000 K/sec                    ( +- 13.86% )
           163,916      page-faults               #    0.007 M/sec                    ( +-  0.00% )
    75,629,361,099      cycles                    #    3.399 GHz                      ( +-  0.06% )
    92,022,125,073      instructions              #    1.22  insn per cycle           ( +-  0.00% )
     7,656,585,752      branches                  #  344.062 M/sec                    ( +-  0.01% )
        17,315,767      branch-misses             #    0.23% of all branches          ( +-  0.36% )

       6.783369214 seconds time elapsed                                          ( +-  0.25% )


 Performance counter stats for './mandelbrot_pth -0.188 -0.012 0.554 0.754 8192 4' (13 runs):

      89657.134091      task-clock (msec)         #    3.190 CPUs utilized            ( +-  0.21% )
             5,448      context-switches          #    0.061 K/sec                    ( +- 15.84% )
                 5      cpu-migrations            #    0.000 K/sec                    ( +- 12.46% )
           655,436      page-faults               #    0.007 M/sec                    ( +-  0.00% )
   303,689,194,639      cycles                    #    3.387 GHz                      ( +-  0.16% )
   368,118,445,520      instructions              #    1.21  insn per cycle           ( +-  0.00% )
    30,631,547,565      branches                  #  341.652 M/sec                    ( +-  0.01% )
        69,595,480      branch-misses             #    0.23% of all branches          ( +-  0.61% )

      28.104115839 seconds time elapsed                                          ( +-  0.37% )

